<?xml version="1.0" encoding="UTF-8"?>
<testsuite name="com.autofor.scheduler.ScheduleCalculatorTest" tests="6" skipped="0" failures="0" errors="0" timestamp="2026-07-28T09:59:47.274Z" hostname="veee.local" time="0.002">
  <properties/>
  <testcase name="testIsRuleCurrentlyActive_OutsideRange_ReturnsFalse" classname="com.autofor.scheduler.ScheduleCalculatorTest" time="0.001"/>
  <testcase name="testCalculateNextTriggerMillis_FutureToday" classname="com.autofor.scheduler.ScheduleCalculatorTest" time="0.0"/>
  <testcase name="testGetCurrentlyActiveRules_FiltersCorrectly" classname="com.autofor.scheduler.ScheduleCalculatorTest" time="0.0"/>
  <testcase name="testSaturdayRuleActiveAndTrigger" classname="com.autofor.scheduler.ScheduleCalculatorTest" time="0.0"/>
  <testcase name="testIsRuleCurrentlyActive_DisabledRule_ReturnsFalse" classname="com.autofor.scheduler.ScheduleCalculatorTest" time="0.001"/>
  <testcase name="testIsRuleCurrentlyActive_WithinRange_ReturnsTrue" classname="com.autofor.scheduler.ScheduleCalculatorTest" time="0.0"/>
  <system-out><![CDATA[]]></system-out>
  <system-err><![CDATA[]]></system-err>
</testsuite>
