<?xml version="1.0" encoding="UTF-8"?>
<testsuite name="com.autofor.data.ForwardingRuleTest" tests="5" skipped="0" failures="0" errors="0" timestamp="2026-07-28T09:59:47.248Z" hostname="veee.local" time="0.025">
  <properties/>
  <testcase name="testFormatDays_CustomDays" classname="com.autofor.data.ForwardingRuleTest" time="0.02"/>
  <testcase name="testFormatDays_EveryDay" classname="com.autofor.data.ForwardingRuleTest" time="0.0"/>
  <testcase name="testFormatTimeRange" classname="com.autofor.data.ForwardingRuleTest" time="0.004"/>
  <testcase name="testFormatDays_Weekdays" classname="com.autofor.data.ForwardingRuleTest" time="0.0"/>
  <testcase name="testFormatDays_Weekends" classname="com.autofor.data.ForwardingRuleTest" time="0.0"/>
  <system-out><![CDATA[]]></system-out>
  <system-err><![CDATA[]]></system-err>
</testsuite>
